<?xml version="1.0" encoding="UTF-8"?>
<!-- Generated by org.testng.reporters.JUnitReportReporter -->
<testsuite skipped="0" hostname="LAPTOP-80QPIB69" name="com.qa.wiremockproject.TestRunner" tests="1" failures="0" timestamp="23 Nov 2020 03:43:10 GMT" time="4.088" errors="0">
  <testcase name="feature" time="4.088" classname="com.qa.wiremockproject.TestRunner"/>
</testsuite> <!-- com.qa.wiremockproject.TestRunner -->
